Running MD simulation
  Particles: 36
  Steps: 1000
  dt: 0.05
  Output frequency: 1
Step      1: E =   773.052410, T =     0.010768, PE =   772.487085
Step     10: E =   773.025011, T =     1.003914, PE =   720.319528
Step     20: E =   772.965357, T =     3.233550, PE =   603.203985
Step     30: E =   772.924324, T =     5.000391, PE =   510.403781
Step     40: E =   772.936412, T =     5.124511, PE =   503.899565
Step     50: E =   772.988362, T =     3.887853, PE =   568.876084
Step     60: E =   773.028665, T =     2.658578, PE =   633.453335
Step     70: E =   773.020603, T =     2.508230, PE =   641.338547
Step     80: E =   772.980360, T =     3.235054, PE =   603.140005
Step     90: E =   772.951034, T =     3.761815, PE =   575.455730
Step    100: E =   772.958758, T =     3.296972, PE =   599.867734
Step    110: E =   772.994640, T =     2.074247, PE =   664.096681
Step    120: E =   773.026178, T =     1.115741, PE =   714.449793
Step    130: E =   773.025449, T =     1.319118, PE =   703.771730
Step    140: E =   772.992269, T =     2.666457, PE =   633.003283
Step    150: E =   772.954077, T =     4.213071, PE =   551.767829
Step    160: E =   772.975271, T =     4.868310, PE =   517.388977
Step    170: E =   772.999033, T =     4.314804, PE =   546.471815
Step    180: E =   773.038793, T =     3.084585, PE =   611.098098
Step    190: E =   773.060628, T =     2.231526, PE =   655.905507
Step    200: E =   773.048588, T =     2.346260, PE =   649.869954
Step    210: E =   773.016821, T =     3.115361, PE =   609.460375
Step    220: E =   772.993626, T =     3.687446, PE =   579.402687
Step    230: E =   772.997342, T =     3.444342, PE =   592.169377
Step    240: E =   773.023299, T =     2.517233, PE =   640.868570
Step    250: E =   773.049386, T =     1.661477, PE =   685.821833
Step    260: E =   773.053601, T =     1.626235, PE =   687.676239
Step    270: E =   773.032333, T =     2.530145, PE =   640.199709
Step    280: E =   773.003745, T =     3.758254, PE =   575.695398
Step    290: E =   772.845234, T =     4.556909, PE =   533.607488
Step    300: E =   772.862203, T =     4.481076, PE =   537.605730
Step    310: E =   772.887228, T =     3.904652, PE =   567.893012
Step    320: E =   773.321780, T =     3.557657, PE =   586.544767
Step    330: E =   773.307069, T =     3.810401, PE =   573.261034
Step    340: E =   773.284877, T =     4.096418, PE =   558.222950
Step    350: E =   773.278504, T =     3.879554, PE =   569.601942
Step    360: E =   773.294628, T =     3.048543, PE =   613.246110
Step    370: E =   773.318837, T =     2.099520, PE =   663.094016
Step    380: E =   773.329594, T =     1.737333, PE =   682.119625
Step    390: E =   773.317049, T =     2.271315, PE =   654.073008
Step    400: E =   773.291359, T =     3.335216, PE =   598.192530
Step    410: E =   773.273358, T =     4.167984, PE =   554.454188
Step    420: E =   773.676890, T =     4.218431, PE =   552.209257
Step    430: E =   773.699701, T =     3.713749, PE =   578.727864
Step    440: E =   773.913281, T =     3.070062, PE =   612.735039
Step    450: E =   773.913037, T =     2.897653, PE =   621.786243
Step    460: E =   773.906830, T =     3.101793, PE =   611.062710
Step    470: E =   773.891662, T =     3.460055, PE =   592.238760
Step    480: E =   774.068583, T =     3.702250, PE =   579.700452
Step    490: E =   774.077537, T =     3.483580, PE =   591.189565
Step    500: E =   774.095296, T =     3.063723, PE =   613.249826
Step    510: E =   774.106117, T =     2.959956, PE =   618.708443
Step    520: E =   774.154059, T =     3.499012, PE =   590.455947
Step    530: E =   774.128824, T =     4.553115, PE =   535.090300
Step    540: E =   774.110131, T =     5.268834, PE =   497.496332
Step    550: E =   774.111821, T =     5.113598, PE =   505.647936
Step    560: E =   774.132985, T =     4.114276, PE =   558.133488
Step    570: E =   774.332181, T =     3.180355, PE =   607.363557
Step    580: E =   774.365749, T =     2.744184, PE =   630.296096
Step    590: E =   774.322899, T =     3.168974, PE =   607.951773
Step    600: E =   774.302936, T =     3.796457, PE =   574.988958
Step    610: E =   774.298364, T =     4.050581, PE =   561.642888
Step    620: E =   774.306417, T =     3.789992, PE =   575.331838
Step    630: E =   774.320449, T =     3.250613, PE =   603.663285
Step    640: E =   774.084800, T =     2.961029, PE =   618.630777
Step    650: E =   774.084650, T =     3.200803, PE =   606.042500
Step    660: E =   774.071931, T =     3.889655, PE =   569.865041
Step    670: E =   774.055921, T =     4.634492, PE =   530.745068
Step    680: E =   774.332493, T =     5.071714, PE =   508.067508
Step    690: E =   774.341432, T =     4.892304, PE =   517.495495
Step    700: E =   774.357095, T =     4.264849, PE =   550.452509
Step    710: E =   774.380456, T =     3.638197, PE =   583.375106
Step    720: E =   774.233113, T =     3.533597, PE =   588.719249
Step    730: E =   774.040240, T =     3.491357, PE =   590.744004
Step    740: E =   774.042709, T =     3.223787, PE =   604.793872
Step    750: E =   774.051024, T =     2.751068, PE =   629.619979
Step    760: E =   774.059407, T =     2.341521, PE =   651.129530
Step    770: E =   774.066091, T =     2.380261, PE =   649.102378
Step    780: E =   774.040349, T =     2.945876, PE =   619.381872
Step    790: E =   774.032807, T =     3.330396, PE =   599.187023
Step    800: E =   774.041010, T =     3.305284, PE =   600.513616
Step    810: E =   774.062736, T =     3.065721, PE =   613.112398
Step    820: E =   774.075177, T =     3.118731, PE =   610.341808
Step    830: E =   773.908873, T =     3.773793, PE =   575.784719
Step    840: E =   773.887449, T =     4.577745, PE =   533.555851
Step    850: E =   773.875867, T =     4.952054, PE =   513.893054
Step    860: E =   773.636947, T =     4.660429, PE =   528.964443
Step    870: E =   773.654035, T =     3.826136, PE =   572.781870
Step    880: E =   773.746986, T =     2.979547, PE =   617.320751
Step    890: E =   773.752525, T =     2.630666, PE =   635.642535
Step    900: E =   773.738998, T =     2.897592, PE =   621.615436
Step    910: E =   773.718056, T =     3.433947, PE =   593.435820
Step    920: E =   773.706644, T =     3.667411, PE =   581.167590
Step    930: E =   773.715690, T =     3.278664, PE =   601.585831
Step    940: E =   773.570188, T =     2.592853, PE =   637.445394
Step    950: E =   773.587472, T =     2.228311, PE =   656.601125
Step    960: E =   773.585881, T =     2.578922, PE =   638.192459
Step    970: E =   773.562979, T =     3.570982, PE =   586.086449
Step    980: E =   773.535321, T =     4.576088, PE =   533.290689
Step    990: E =   773.473302, T =     4.877958, PE =   517.380487
Step   1000: E =   773.481089, T =     4.453847, PE =   539.654112
Writing trajectory to /Users/upm5017/Documents/Work/MD_sim/Testing/Version 5:  Molecules/harmonic_trajectory.xyz
  Frames: 1000
  Atoms: 36
Trajectory written successfully!
Writing enhanced trajectory to /Users/upm5017/Documents/Work/MD_sim/Testing/Version 5:  Molecules/harmonic_detailed.xyz
Enhanced trajectory written successfully!
Creating animation: /Users/upm5017/Documents/Work/MD_sim/Testing/Version 5:  Molecules/harmonic.mp4
  Frames: 50
  Timesteps: 1000
  Atoms: 36
Animation saved to /Users/upm5017/Documents/Work/MD_sim/Testing/Version 5:  Molecules/harmonic.mp4
Visualization skipped (Plots.jl may not be available)

Final Statistics:
  Energy drift: 0.4286791951952864
  Mean temperature: 3.391110851233095
Grid Stabilization Started
  Number of particles: 64
Running MD simulation
  Particles: 64
  Steps: 500
  dt: 0.001
  Output frequency: 1
Step      1: E = 138556.974668, T =     0.092077, PE = 138548.273371
Step     10: E = 138556.960923, T =     9.188305, PE = 137688.666137
Step     20: E = 138556.919628, T =    36.518657, PE = 135105.906503
Step     30: E = 138556.851977, T =    81.293374, PE = 130874.628121
Step     40: E = 138556.759701, T =   142.369492, PE = 125102.842709
Step     50: E = 138556.645162, T =   218.188006, PE = 117937.878622
Step     60: E = 138556.511292, T =   306.813753, PE = 109562.611658
Step     70: E = 138556.361519, T =   405.984934, PE = 100190.785227
Step     80: E = 138556.199682, T =   513.171018, PE = 90061.538488
Step     90: E = 138556.029934, T =   625.637557, PE = 79433.280768
Step    100: E = 138555.856638, T =   740.516299, PE = 68577.066382
Step    110: E = 138555.684262, T =   854.878825, PE = 57769.635323
Step    120: E = 138555.517273, T =   965.811915, PE = 47286.291264
Step    130: E = 138555.360041, T =  1070.492827, PE = 37393.787865
Step    140: E = 138555.216751, T =  1166.262765, PE = 28343.385477
Step    150: E = 138555.091363, T =  1250.697068, PE = 20364.218482
Step    160: E = 138554.987630, T =  1321.671102, PE = 13657.068536
Step    170: E = 138554.909294, T =  1377.421857, PE =  8388.543788
Step    180: E = 138554.860726, T =  1416.607610, PE =  4685.441567
Step    190: E = 138554.848964, T =  1438.374362, PE =  2628.471770
Step    200: E =  2187.196914, T =     0.000650, PE =  2187.135489
Step    210: E =  2187.196899, T =     0.023369, PE =  2184.988550
Step    220: E =  2187.196861, T =     0.078289, PE =  2179.798549
Step    230: E =  2187.196802, T =     0.164778, PE =  2171.625301
Step    240: E =  2187.196722, T =     0.281835, PE =  2160.563282
Step    250: E =  2187.196621, T =     0.428103, PE =  2146.740904
Step    260: E =  2187.196499, T =     0.601873, PE =  2130.319492
Step    270: E =  2187.196359, T =     0.801105, PE =  2111.491929
Step    280: E =  2187.196201, T =     1.023442, PE =  2090.480959
Step    290: E =  2187.196027, T =     1.266232, PE =  2067.537103
Step    300: E =  2187.195838, T =     1.526557, PE =  2042.936182
Step    310: E =  2187.195636, T =     1.801262, PE =  2016.976414
Step    320: E =  2187.195424, T =     2.086988, PE =  1989.975088
Step    330: E =  2187.195204, T =     2.380216, PE =  1962.264816
Step    340: E =  2187.194980, T =     2.677308, PE =  1934.189380
Step    350: E =  2187.194753, T =     2.974556, PE =  1906.099201
Step    360: E =  2187.194528, T =     3.268233, PE =  1878.346497
Step    370: E =  2187.194307, T =     3.554647, PE =  1851.280176
Step    380: E =  2187.194095, T =     3.830196, PE =  1825.240558
Step    390: E =  2187.193893, T =     4.091427, PE =  1800.554020
Step    400: E =  2187.193707, T =     4.335090, PE =  1777.527659
Step    410: E =  2187.193538, T =     4.558195, PE =  1756.444109
Step    420: E =  2187.193391, T =     4.758061, PE =  1737.556619
Step    430: E =  2187.193267, T =     4.932368, PE =  1721.084508
Step    440: E =  2187.193169, T =     5.079196, PE =  1707.209141
Step    450: E =  2187.193098, T =     5.197064, PE =  1696.070515
Step    460: E =  2187.193057, T =     5.284958, PE =  1687.764562
Step    470: E =  2187.193045, T =     5.342347, PE =  1682.341275
Step    480: E =  2187.193063, T =     5.369200, PE =  1679.803704
Step    490: E =  1679.588392, T =     0.000964, PE =  1679.497259
Step    500: E =  1679.588384, T =     0.006830, PE =  1678.942909
  PE change: -136869.33046106022
Geometry written to /Users/upm5017/Documents/Work/MD_sim/Testing/Version 5:  Molecules/lj_optimized.xyz

Optimized geometry saved to /Users/upm5017/Documents/Work/MD_sim/Testing/Version 5:  Molecules/lj_optimized.xyz
Writing trajectory to /Users/upm5017/Documents/Work/MD_sim/Testing/Version 5:  Molecules/lj_optimization_traj.xyz
  Frames: 500
  Atoms: 64
Trajectory written successfully!
